<?xml version="1.0" encoding="UTF-8"?>
<!-- Generated by org.testng.reporters.JUnitReportReporter -->
<testsuite skipped="0" hostname="deepa" name="Script.TestDemo" tests="1" failures="0" timestamp="27 Sep 2018 13:44:30 GMT" time="52.468" errors="0">
  <testcase name="testA" time="52.468" classname="Script.TestDemo"/>
</testsuite> <!-- Script.TestDemo -->
